<?xml version="1.0" encoding="UTF-8"?>
<!-- Generated by org.testng.reporters.JUnitXMLReporter -->
<testsuite ignored="0" hostname="LAPTOP-R5EO1CM4" failures="3" tests="13" name="Test" time="285.152" errors="0" timestamp="2023-09-03T01:30:02 EEST">
  <testcase classname="tests.TC01_LogInCorrectUsernameCorrectPasswordOK" name="tC01LogInCorrectUsernameCorrectPasswordOK" time="23.151"/>
  <testcase classname="tests.TC02_LogOutOK" name="tC02_LogOutOK" time="74.25"/>
  <testcase classname="tests.TC03_ChangeLanguageOK" name="tC03_ChangeLanguageOK" time="17.863"/>
  <testcase classname="tests.TC04_ManualGuideOK" name="tC04_ManualGuideOK" time="13.786">
    <failure type="org.openqa.selenium.NoSuchElementException" message="no such element: Unable to locate element: {&amp;quot;method&amp;quot;:&amp;quot;link text&amp;quot;,&amp;quot;selector&amp;quot;:&amp;quot;Εγχειρίδιο χρήσης&amp;quot;}
  (Session info: chrome=116.0.5845.141)
For documentation on this error, please visit: https://www.selenium.dev/documentation/webdriver/troubleshooting/errors#no-such-element-exception
Build info: version: &amp;apos;4.11.0&amp;apos;, revision: &amp;apos;040bc5406b&amp;apos;
System info: os.name: &amp;apos;Windows 10&amp;apos;, os.arch: &amp;apos;amd64&amp;apos;, os.version: &amp;apos;10.0&amp;apos;, java.version: &amp;apos;16.0.1&amp;apos;
Driver info: org.openqa.selenium.chrome.ChromeDriver
Command: [bccbcf68e886b2f93394e25c6d7184ae, findElement {using=link text, value=Εγχειρίδιο χρήσης}]
Capabilities {acceptInsecureCerts: false, browserName: chrome, browserVersion: 116.0.5845.141, chrome: {chromedriverVersion: 116.0.5845.96 (1a3918166880..., userDataDir: C:\Users\choul\AppData\Loca...}, fedcm:accounts: true, goog:chromeOptions: {debuggerAddress: localhost:63260}, networkConnectionEnabled: false, pageLoadStrategy: normal, platformName: windows, proxy: Proxy(), se:cdp: ws://localhost:63260/devtoo..., se:cdpVersion: 116.0.5845.141, setWindowRect: true, strictFileInteractability: false, timeouts: {implicit: 0, pageLoad: 300000, script: 30000}, unhandledPromptBehavior: dismiss and notify, webauthn:extension:credBlob: true, webauthn:extension:largeBlob: true, webauthn:extension:minPinLength: true, webauthn:extension:prf: true, webauthn:virtualAuthenticators: true}
Session ID: bccbcf68e886b2f93394e25c6d7184ae">
      <![CDATA[org.openqa.selenium.NoSuchElementException: no such element: Unable to locate element: {"method":"link text","selector":"Εγχειρίδιο χρήσης"}
  (Session info: chrome=116.0.5845.141)
For documentation on this error, please visit: https://www.selenium.dev/documentation/webdriver/troubleshooting/errors#no-such-element-exception
Build info: version: '4.11.0', revision: '040bc5406b'
System info: os.name: 'Windows 10', os.arch: 'amd64', os.version: '10.0', java.version: '16.0.1'
Driver info: org.openqa.selenium.chrome.ChromeDriver
Command: [bccbcf68e886b2f93394e25c6d7184ae, findElement {using=link text, value=Εγχειρίδιο χρήσης}]
Capabilities {acceptInsecureCerts: false, browserName: chrome, browserVersion: 116.0.5845.141, chrome: {chromedriverVersion: 116.0.5845.96 (1a3918166880..., userDataDir: C:\Users\choul\AppData\Loca...}, fedcm:accounts: true, goog:chromeOptions: {debuggerAddress: localhost:63260}, networkConnectionEnabled: false, pageLoadStrategy: normal, platformName: windows, proxy: Proxy(), se:cdp: ws://localhost:63260/devtoo..., se:cdpVersion: 116.0.5845.141, setWindowRect: true, strictFileInteractability: false, timeouts: {implicit: 0, pageLoad: 300000, script: 30000}, unhandledPromptBehavior: dismiss and notify, webauthn:extension:credBlob: true, webauthn:extension:largeBlob: true, webauthn:extension:minPinLength: true, webauthn:extension:prf: true, webauthn:virtualAuthenticators: true}
Session ID: bccbcf68e886b2f93394e25c6d7184ae
at org.openqa.selenium.remote.codec.w3c.W3CHttpResponseCodec.createException(W3CHttpResponseCodec.java:200)
at org.openqa.selenium.remote.codec.w3c.W3CHttpResponseCodec.decode(W3CHttpResponseCodec.java:133)
at org.openqa.selenium.remote.codec.w3c.W3CHttpResponseCodec.decode(W3CHttpResponseCodec.java:52)
at org.openqa.selenium.remote.HttpCommandExecutor.execute(HttpCommandExecutor.java:191)
at org.openqa.selenium.remote.service.DriverCommandExecutor.invokeExecute(DriverCommandExecutor.java:196)
at org.openqa.selenium.remote.service.DriverCommandExecutor.execute(DriverCommandExecutor.java:171)
at org.openqa.selenium.remote.RemoteWebDriver.execute(RemoteWebDriver.java:518)
at org.openqa.selenium.remote.ElementLocation$ElementFinder$2.findElement(ElementLocation.java:165)
at org.openqa.selenium.remote.ElementLocation.findElement(ElementLocation.java:59)
at org.openqa.selenium.remote.RemoteWebDriver.findElement(RemoteWebDriver.java:355)
at org.openqa.selenium.remote.RemoteWebDriver.findElement(RemoteWebDriver.java:349)
at tests.TC04_ManualGuideOK.tC04_ManualGuideOK(TC04_ManualGuideOK.java:120)
at java.base/java.util.ArrayList.forEach(ArrayList.java:1511)
... Removed 32 stack frames]]>
    </failure>
  </testcase> <!-- tC04_ManualGuideOK -->
  <testcase classname="tests.TC05_PersonalDataOK" name="tC05_PersonalDataOK" time="17.033"/>
  <testcase classname="tests.TC06_InternshipOK" name="tC06_InternshipOK" time="13.61"/>
  <testcase classname="tests.TC07_Grades_AllGradesDropDownMenuOK" name="tC01LogInCorrectUsernameCorrectPasswordOK" time="29.778"/>
  <testcase classname="tests.TC08_Exams_ExamsCalendarOK" name="tC08_Exams_ExamsCalendarOK" time="26.403">
    <failure type="java.lang.AssertionError">
      <![CDATA[java.lang.AssertionError
at tests.TC08_Exams_ExamsCalendarOK.tC08_Exams_ExamsCalendarOK(TC08_Exams_ExamsCalendarOK.java:195)
at java.base/java.util.ArrayList.forEach(ArrayList.java:1511)
... Removed 27 stack frames]]>
    </failure>
  </testcase> <!-- tC08_Exams_ExamsCalendarOK -->
  <testcase classname="tests.TC09_HamburgerMenuItemsWhenColapsedOK" name="tC09_HamburgerMenuItemsWhenColapsedOK" time="10.167">
    <failure type="java.lang.IllegalArgumentException" message="Argument is of an illegal type: org.openqa.selenium.By$ByCssSelector">
      <![CDATA[java.lang.IllegalArgumentException: Argument is of an illegal type: org.openqa.selenium.By$ByCssSelector
at org.openqa.selenium.remote.internal.WebElementToJsonConverter.apply(WebElementToJsonConverter.java:82)
at java.base/java.util.stream.ReferencePipeline$3$1.accept(ReferencePipeline.java:197)
at java.base/java.util.Spliterators$ArraySpliterator.forEachRemaining(Spliterators.java:948)
at java.base/java.util.stream.AbstractPipeline.copyInto(AbstractPipeline.java:484)
at java.base/java.util.stream.AbstractPipeline.wrapAndCopyInto(AbstractPipeline.java:474)
at java.base/java.util.stream.ReduceOps$ReduceOp.evaluateSequential(ReduceOps.java:913)
at java.base/java.util.stream.AbstractPipeline.evaluate(AbstractPipeline.java:234)
at java.base/java.util.stream.ReferencePipeline.collect(ReferencePipeline.java:682)
at org.openqa.selenium.remote.RemoteWebDriver.executeScript(RemoteWebDriver.java:461)
at tests.TC09_HamburgerMenuItemsWhenColapsedOK.tC09_HamburgerMenuItemsWhenColapsedOK(TC09_HamburgerMenuItemsWhenColapsedOK.java:135)
at java.base/java.util.ArrayList.forEach(ArrayList.java:1511)
... Removed 27 stack frames]]>
    </failure>
  </testcase> <!-- tC09_HamburgerMenuItemsWhenColapsedOK -->
  <testcase classname="tests.TC10_LogInWithoutEnteringUsernameKO" name="tC10_LogInWithoutEnteringUsernameKO" time="9.715"/>
  <testcase classname="tests.TC11_LogInWithoutEnteringPasswordKO" name="tC11_LogInWithoutEnteringPasswordKO" time="9.838"/>
  <testcase classname="tests.TC12_LogInWithWrongUsernameCorrectPasswordKO" name="tC12_LogInWithWrongUsernameCorrectPasswordKO" time="6.931"/>
  <testcase classname="tests.TC13_LogInWithCorrectUsernameWrongPasswordKO" name="tC13_LogInWithCorrectUsernameWrongPasswordKO" time="13.265"/>
</testsuite> <!-- Test -->
