<!DOCTYPE html>

<html>
  <head>
  <meta charset='utf-8'>
  <title>TestNG reports</title>

    <link type="text/css" href="testng-reports1.css" rel="stylesheet" id="ultra" />
    <link type="text/css" href="testng-reports.css" rel="stylesheet" id="retro" disabled="false"/>
    <script type="text/javascript" src="jquery-3.6.0.min.js"></script>
    <script type="text/javascript" src="testng-reports.js"></script>
    <script type="text/javascript" src="https://www.google.com/jsapi"></script>
    <script type='text/javascript'>
      google.load('visualization', '1', {packages:['table']});
      google.setOnLoadCallback(drawTable);
      var suiteTableInitFunctions = new Array();
      var suiteTableData = new Array();
    </script>
    <!--
      <script type="text/javascript" src="jquery-ui/js/jquery-ui-1.8.16.custom.min.js"></script>
     -->
  </head>

  <body>    <div class="top-banner-root">
      <span class="top-banner-title-font">Test results</span>
      <button id="button" class="button">Switch Retro Theme</button> <!-- button -->
      <br/>
      <span class="top-banner-font-1">1 suite, 9 failed tests</span>
    </div> <!-- top-banner-root -->
    <div class="navigator-root">
      <div class="navigator-suite-header">
        <span>All suites</span>
        <a href="#" title="Collapse/expand all the suites" class="collapse-all-link">
          <img src="collapseall.gif" class="collapse-all-icon">
          </img> <!-- collapse-all-icon -->
        </a> <!-- collapse-all-link -->
      </div> <!-- navigator-suite-header -->
      <div class="suite">
        <div class="rounded-window">
          <div class="suite-header light-rounded-window-top">
            <a href="#" panel-name="suite-Suite" class="navigator-link">
              <span class="suite-name border-failed">Suite</span>
            </a> <!-- navigator-link -->
          </div> <!-- suite-header light-rounded-window-top -->
          <div class="navigator-suite-content">
            <div class="suite-section-title">
              <span>Info</span>
            </div> <!-- suite-section-title -->
            <div class="suite-section-content">
              <ul>
                <li>
                  <a href="#" panel-name="test-xml-Suite" class="navigator-link ">
                    <span>C:\GIT\SeleniumThesisE2ETests\testng.xml</span>
                  </a> <!-- navigator-link  -->
                </li>
                <li>
                  <a href="#" panel-name="testlist-Suite" class="navigator-link ">
                    <span class="test-stats">1 test</span>
                  </a> <!-- navigator-link  -->
                </li>
                <li>
                  <a href="#" panel-name="group-Suite" class="navigator-link ">
                    <span>0 groups</span>
                  </a> <!-- navigator-link  -->
                </li>
                <li>
                  <a href="#" panel-name="times-Suite" class="navigator-link ">
                    <span>Times</span>
                  </a> <!-- navigator-link  -->
                </li>
                <li>
                  <a href="#" panel-name="reporter-Suite" class="navigator-link ">
                    <span>Reporter output</span>
                  </a> <!-- navigator-link  -->
                </li>
                <li>
                  <a href="#" panel-name="ignored-methods-Suite" class="navigator-link ">
                    <span>Ignored methods</span>
                  </a> <!-- navigator-link  -->
                </li>
                <li>
                  <a href="#" panel-name="chronological-Suite" class="navigator-link ">
                    <span>Chronological view</span>
                  </a> <!-- navigator-link  -->
                </li>
              </ul>
            </div> <!-- suite-section-content -->
            <div class="result-section">
              <div class="suite-section-title">
                <span>Results</span>
              </div> <!-- suite-section-title -->
              <div class="suite-section-content">
                <ul>
                  <li>
                    <span class="method-stats">13 methods, 9 failed,   4 passed</span>
                  </li>
                  <li>
                    <span class="method-list-title failed">Failed methods</span>
                    <span class="show-or-hide-methods failed">
                      <a href="#" panel-name="suite-Suite" class="hide-methods failed suite-Suite"> (hide)</a> <!-- hide-methods failed suite-Suite -->
                      <a href="#" panel-name="suite-Suite" class="show-methods failed suite-Suite"> (show)</a> <!-- show-methods failed suite-Suite -->
                    </span>
                    <div class="method-list-content failed suite-Suite">
                      <span>
                        <img src="failed.png" width="3%"/>
                        <a href="#" panel-name="suite-Suite" title="tests.TC07_Grades_AllGradesDropDownMenuOK" class="method navigator-link" hash-for-method="tC01LogInCorrectUsernameCorrectPasswordOK(it144353, Xx_17051996Xx)">tC01LogInCorrectUsernameCorrectPasswordOK(it144353, Xx_17051996Xx)</a> <!-- method navigator-link -->
                      </span>
                      <br/>
                      <span>
                        <img src="failed.png" width="3%"/>
                        <a href="#" panel-name="suite-Suite" title="tests.TC01_LogInCorrectUsernameCorrectPasswordOK" class="method navigator-link" hash-for-method="tC01LogInCorrectUsernameCorrectPasswordOK(it144353, Xx_17051996Xx)">tC01LogInCorrectUsernameCorrectPasswordOK(it144353, Xx_17051996Xx)</a> <!-- method navigator-link -->
                      </span>
                      <br/>
                      <span>
                        <img src="failed.png" width="3%"/>
                        <a href="#" panel-name="suite-Suite" title="tests.TC02_LogOutOK" class="method navigator-link" hash-for-method="tC02_LogOutOK(it144353, Xx_17051996Xx)">tC02_LogOutOK(it144353, Xx_17051996Xx)</a> <!-- method navigator-link -->
                      </span>
                      <br/>
                      <span>
                        <img src="failed.png" width="3%"/>
                        <a href="#" panel-name="suite-Suite" title="tests.TC03_ChangeLanguageOK" class="method navigator-link" hash-for-method="tC03_ChangeLanguageOK(it144353, Xx_17051996Xx)">tC03_ChangeLanguageOK(it144353, Xx_17051996Xx)</a> <!-- method navigator-link -->
                      </span>
                      <br/>
                      <span>
                        <img src="failed.png" width="3%"/>
                        <a href="#" panel-name="suite-Suite" title="tests.TC04_ManualGuideOK" class="method navigator-link" hash-for-method="tC04_ManualGuideOK(it144353, Xx_17051996Xx)">tC04_ManualGuideOK(it144353, Xx_17051996Xx)</a> <!-- method navigator-link -->
                      </span>
                      <br/>
                      <span>
                        <img src="failed.png" width="3%"/>
                        <a href="#" panel-name="suite-Suite" title="tests.TC05_PersonalDataOK" class="method navigator-link" hash-for-method="tC05_PersonalDataOK(it144353, Xx_17051996Xx)">tC05_PersonalDataOK(it144353, Xx_17051996Xx)</a> <!-- method navigator-link -->
                      </span>
                      <br/>
                      <span>
                        <img src="failed.png" width="3%"/>
                        <a href="#" panel-name="suite-Suite" title="tests.TC06_InternshipOK" class="method navigator-link" hash-for-method="tC06_InternshipOK(it144353, Xx_17051996Xx)">tC06_InternshipOK(it144353, Xx_17051996Xx)</a> <!-- method navigator-link -->
                      </span>
                      <br/>
                      <span>
                        <img src="failed.png" width="3%"/>
                        <a href="#" panel-name="suite-Suite" title="tests.TC08_Exams_ExamsCalendarOK" class="method navigator-link" hash-for-method="tC08_Exams_ExamsCalendarOK(it144353, Xx_17051996Xx)">tC08_Exams_ExamsCalendarOK(it144353, Xx_17051996Xx)</a> <!-- method navigator-link -->
                      </span>
                      <br/>
                      <span>
                        <img src="failed.png" width="3%"/>
                        <a href="#" panel-name="suite-Suite" title="tests.TC09_HamburgerMenuItemsWhenColapsedOK" class="method navigator-link" hash-for-method="tC09_HamburgerMenuItemsWhenColapsedOK(it144353, Xx_17051996Xx)">tC09_HamburgerMenuItemsWhenColapsedOK(it144353, Xx_17051996Xx)</a> <!-- method navigator-link -->
                      </span>
                      <br/>
                    </div> <!-- method-list-content failed suite-Suite -->
                  </li>
                  <li>
                    <span class="method-list-title passed">Passed methods</span>
                    <span class="show-or-hide-methods passed">
                      <a href="#" panel-name="suite-Suite" class="hide-methods passed suite-Suite"> (hide)</a> <!-- hide-methods passed suite-Suite -->
                      <a href="#" panel-name="suite-Suite" class="show-methods passed suite-Suite"> (show)</a> <!-- show-methods passed suite-Suite -->
                    </span>
                    <div class="method-list-content passed suite-Suite">
                      <span>
                        <img src="passed.png" width="3%"/>
                        <a href="#" panel-name="suite-Suite" title="tests.TC10_LogInWithoutEnteringUsernameKO" class="method navigator-link" hash-for-method="tC10_LogInWithoutEnteringUsernameKO(, Xx_17051996Xx)">tC10_LogInWithoutEnteringUsernameKO(, Xx_17051996Xx)</a> <!-- method navigator-link -->
                      </span>
                      <br/>
                      <span>
                        <img src="passed.png" width="3%"/>
                        <a href="#" panel-name="suite-Suite" title="tests.TC11_LogInWithoutEnteringPasswordKO" class="method navigator-link" hash-for-method="tC11_LogInWithoutEnteringPasswordKO(it144353, )">tC11_LogInWithoutEnteringPasswordKO(it144353, )</a> <!-- method navigator-link -->
                      </span>
                      <br/>
                      <span>
                        <img src="passed.png" width="3%"/>
                        <a href="#" panel-name="suite-Suite" title="tests.TC12_LogInWithWrongUsernameCorrectPasswordKO" class="method navigator-link" hash-for-method="tC12_LogInWithWrongUsernameCorrectPasswordKO(awrongusername, Xx_17051996Xx)">tC12_LogInWithWrongUsernameCorrectPasswordKO(awrongusername, Xx_17051996Xx)</a> <!-- method navigator-link -->
                      </span>
                      <br/>
                      <span>
                        <img src="passed.png" width="3%"/>
                        <a href="#" panel-name="suite-Suite" title="tests.TC13_LogInWithCorrectUsernameWrongPasswordKO" class="method navigator-link" hash-for-method="tC13_LogInWithCorrectUsernameWrongPasswordKO(it144353, awrongpassword)">tC13_LogInWithCorrectUsernameWrongPasswordKO(it144353, awrongpassword)</a> <!-- method navigator-link -->
                      </span>
                      <br/>
                    </div> <!-- method-list-content passed suite-Suite -->
                  </li>
                </ul>
              </div> <!-- suite-section-content -->
            </div> <!-- result-section -->
          </div> <!-- navigator-suite-content -->
        </div> <!-- rounded-window -->
      </div> <!-- suite -->
    </div> <!-- navigator-root -->
    <div class="wrapper">
      <div class="main-panel-root">
        <div panel-name="suite-Suite" class="panel Suite">
          <div class="suite-Suite-class-failed">
            <div class="main-panel-header rounded-window-top">
              <img src="failed.png"/>
              <span class="class-name">tests.TC02_LogOutOK</span>
            </div> <!-- main-panel-header rounded-window-top -->
            <div class="main-panel-content rounded-window-bottom">
              <div class="method">
                <div class="method-content">
                  <a name="tC02_LogOutOK(it144353, Xx_17051996Xx)">
                  </a> <!-- tC02_LogOutOK(it144353, Xx_17051996Xx) -->
                  <span class="method-name">tC02_LogOutOK</span>
                  <span class="parameters">(it144353,Xx_17051996Xx)</span>
                  <div class="stack-trace">org.openqa.selenium.NoSuchElementException: no such element: Unable to locate element: {&quot;method&quot;:&quot;xpath&quot;,&quot;selector&quot;:&quot;/html[1]/body[1]/div[1]/div[1]/div[1]/div[1]/div[2]/div[1]/nav[1]/ul[1]/li[1]/a[1]/span[1]&quot;}
  (Session info: chrome=116.0.5845.141)
For documentation on this error, please visit: https://www.selenium.dev/documentation/webdriver/troubleshooting/errors#no-such-element-exception
Build info: version: &apos;4.11.0&apos;, revision: &apos;040bc5406b&apos;
System info: os.name: &apos;Windows 10&apos;, os.arch: &apos;amd64&apos;, os.version: &apos;10.0&apos;, java.version: &apos;16.0.1&apos;
Driver info: org.openqa.selenium.chrome.ChromeDriver
Command: [4e9af3fdcdfb159a93993937b1fa0d2e, findElement {using=xpath, value=/html[1]/body[1]/div[1]/div[1]/div[1]/div[1]/div[2]/div[1]/nav[1]/ul[1]/li[1]/a[1]/span[1]}]
Capabilities {acceptInsecureCerts: false, browserName: chrome, browserVersion: 116.0.5845.141, chrome: {chromedriverVersion: 116.0.5845.96 (1a3918166880..., userDataDir: C:\Users\choul\AppData\Loca...}, fedcm:accounts: true, goog:chromeOptions: {debuggerAddress: localhost:63406}, networkConnectionEnabled: false, pageLoadStrategy: normal, platformName: windows, proxy: Proxy(), se:cdp: ws://localhost:63406/devtoo..., se:cdpVersion: 116.0.5845.141, setWindowRect: true, strictFileInteractability: false, timeouts: {implicit: 0, pageLoad: 300000, script: 30000}, unhandledPromptBehavior: dismiss and notify, webauthn:extension:credBlob: true, webauthn:extension:largeBlob: true, webauthn:extension:minPinLength: true, webauthn:extension:prf: true, webauthn:virtualAuthenticators: true}
Session ID: 4e9af3fdcdfb159a93993937b1fa0d2e
	at org.openqa.selenium.remote.codec.w3c.W3CHttpResponseCodec.createException(W3CHttpResponseCodec.java:200)
	at org.openqa.selenium.remote.codec.w3c.W3CHttpResponseCodec.decode(W3CHttpResponseCodec.java:133)
	at org.openqa.selenium.remote.codec.w3c.W3CHttpResponseCodec.decode(W3CHttpResponseCodec.java:52)
	at org.openqa.selenium.remote.HttpCommandExecutor.execute(HttpCommandExecutor.java:191)
	at org.openqa.selenium.remote.service.DriverCommandExecutor.invokeExecute(DriverCommandExecutor.java:196)
	at org.openqa.selenium.remote.service.DriverCommandExecutor.execute(DriverCommandExecutor.java:171)
	at org.openqa.selenium.remote.RemoteWebDriver.execute(RemoteWebDriver.java:518)
	at org.openqa.selenium.remote.ElementLocation$ElementFinder$2.findElement(ElementLocation.java:165)
	at org.openqa.selenium.remote.ElementLocation.findElement(ElementLocation.java:59)
	at org.openqa.selenium.remote.RemoteWebDriver.findElement(RemoteWebDriver.java:355)
	at org.openqa.selenium.remote.RemoteWebDriver.findElement(RemoteWebDriver.java:349)
	at webpages.Homepage.isAmButtonDisplayed(Homepage.java:38)
	at tests.TC02_LogOutOK.tC02_LogOutOK(TC02_LogOutOK.java:103)
	at java.base/java.util.ArrayList.forEach(ArrayList.java:1511)
... Removed 32 stack frames
</div> <!-- stack-trace -->
                </div> <!-- method-content -->
              </div> <!-- method -->
            </div> <!-- main-panel-content rounded-window-bottom -->
          </div> <!-- suite-Suite-class-failed -->
          <div class="suite-Suite-class-failed">
            <div class="main-panel-header rounded-window-top">
              <img src="failed.png"/>
              <span class="class-name">tests.TC09_HamburgerMenuItemsWhenColapsedOK</span>
            </div> <!-- main-panel-header rounded-window-top -->
            <div class="main-panel-content rounded-window-bottom">
              <div class="method">
                <div class="method-content">
                  <a name="tC09_HamburgerMenuItemsWhenColapsedOK(it144353, Xx_17051996Xx)">
                  </a> <!-- tC09_HamburgerMenuItemsWhenColapsedOK(it144353, Xx_17051996Xx) -->
                  <span class="method-name">tC09_HamburgerMenuItemsWhenColapsedOK</span>
                  <span class="parameters">(it144353,Xx_17051996Xx)</span>
                  <div class="stack-trace">java.lang.AssertionError
	at tests.TC09_HamburgerMenuItemsWhenColapsedOK.tC09_HamburgerMenuItemsWhenColapsedOK(TC09_HamburgerMenuItemsWhenColapsedOK.java:112)
	at java.base/java.util.ArrayList.forEach(ArrayList.java:1511)
... Removed 27 stack frames
</div> <!-- stack-trace -->
                </div> <!-- method-content -->
              </div> <!-- method -->
            </div> <!-- main-panel-content rounded-window-bottom -->
          </div> <!-- suite-Suite-class-failed -->
          <div class="suite-Suite-class-failed">
            <div class="main-panel-header rounded-window-top">
              <img src="failed.png"/>
              <span class="class-name">tests.TC08_Exams_ExamsCalendarOK</span>
            </div> <!-- main-panel-header rounded-window-top -->
            <div class="main-panel-content rounded-window-bottom">
              <div class="method">
                <div class="method-content">
                  <a name="tC08_Exams_ExamsCalendarOK(it144353, Xx_17051996Xx)">
                  </a> <!-- tC08_Exams_ExamsCalendarOK(it144353, Xx_17051996Xx) -->
                  <span class="method-name">tC08_Exams_ExamsCalendarOK</span>
                  <span class="parameters">(it144353,Xx_17051996Xx)</span>
                  <div class="stack-trace">org.openqa.selenium.NoSuchElementException: no such element: Unable to locate element: {&quot;method&quot;:&quot;xpath&quot;,&quot;selector&quot;:&quot;/html[1]/body[1]/div[1]/div[1]/div[1]/div[1]/div[1]/div[1]/div[4]/div[3]/ul[1]/div[1]/li[7]/a[1]&quot;}
  (Session info: chrome=116.0.5845.141)
For documentation on this error, please visit: https://www.selenium.dev/documentation/webdriver/troubleshooting/errors#no-such-element-exception
Build info: version: &apos;4.11.0&apos;, revision: &apos;040bc5406b&apos;
System info: os.name: &apos;Windows 10&apos;, os.arch: &apos;amd64&apos;, os.version: &apos;10.0&apos;, java.version: &apos;16.0.1&apos;
Driver info: org.openqa.selenium.chrome.ChromeDriver
Command: [e63aa0d575677cdab9881136c593d2e9, findElement {using=xpath, value=/html[1]/body[1]/div[1]/div[1]/div[1]/div[1]/div[1]/div[1]/div[4]/div[3]/ul[1]/div[1]/li[7]/a[1]}]
Capabilities {acceptInsecureCerts: false, browserName: chrome, browserVersion: 116.0.5845.141, chrome: {chromedriverVersion: 116.0.5845.96 (1a3918166880..., userDataDir: C:\Users\choul\AppData\Loca...}, fedcm:accounts: true, goog:chromeOptions: {debuggerAddress: localhost:63496}, networkConnectionEnabled: false, pageLoadStrategy: normal, platformName: windows, proxy: Proxy(), se:cdp: ws://localhost:63496/devtoo..., se:cdpVersion: 116.0.5845.141, setWindowRect: true, strictFileInteractability: false, timeouts: {implicit: 0, pageLoad: 300000, script: 30000}, unhandledPromptBehavior: dismiss and notify, webauthn:extension:credBlob: true, webauthn:extension:largeBlob: true, webauthn:extension:minPinLength: true, webauthn:extension:prf: true, webauthn:virtualAuthenticators: true}
Session ID: e63aa0d575677cdab9881136c593d2e9
	at org.openqa.selenium.remote.codec.w3c.W3CHttpResponseCodec.createException(W3CHttpResponseCodec.java:200)
	at org.openqa.selenium.remote.codec.w3c.W3CHttpResponseCodec.decode(W3CHttpResponseCodec.java:133)
	at org.openqa.selenium.remote.codec.w3c.W3CHttpResponseCodec.decode(W3CHttpResponseCodec.java:52)
	at org.openqa.selenium.remote.HttpCommandExecutor.execute(HttpCommandExecutor.java:191)
	at org.openqa.selenium.remote.service.DriverCommandExecutor.invokeExecute(DriverCommandExecutor.java:196)
	at org.openqa.selenium.remote.service.DriverCommandExecutor.execute(DriverCommandExecutor.java:171)
	at org.openqa.selenium.remote.RemoteWebDriver.execute(RemoteWebDriver.java:518)
	at org.openqa.selenium.remote.ElementLocation$ElementFinder$2.findElement(ElementLocation.java:165)
	at org.openqa.selenium.remote.ElementLocation.findElement(ElementLocation.java:59)
	at org.openqa.selenium.remote.RemoteWebDriver.findElement(RemoteWebDriver.java:355)
	at org.openqa.selenium.remote.RemoteWebDriver.findElement(RemoteWebDriver.java:349)
	at webpages.Homepage.isExamsOfCentralMenuDisplayed(Homepage.java:193)
	at tests.TC08_Exams_ExamsCalendarOK.tC08_Exams_ExamsCalendarOK(TC08_Exams_ExamsCalendarOK.java:104)
	at java.base/java.util.ArrayList.forEach(ArrayList.java:1511)
... Removed 32 stack frames
</div> <!-- stack-trace -->
                </div> <!-- method-content -->
              </div> <!-- method -->
            </div> <!-- main-panel-content rounded-window-bottom -->
          </div> <!-- suite-Suite-class-failed -->
          <div class="suite-Suite-class-failed">
            <div class="main-panel-header rounded-window-top">
              <img src="failed.png"/>
              <span class="class-name">tests.TC04_ManualGuideOK</span>
            </div> <!-- main-panel-header rounded-window-top -->
            <div class="main-panel-content rounded-window-bottom">
              <div class="method">
                <div class="method-content">
                  <a name="tC04_ManualGuideOK(it144353, Xx_17051996Xx)">
                  </a> <!-- tC04_ManualGuideOK(it144353, Xx_17051996Xx) -->
                  <span class="method-name">tC04_ManualGuideOK</span>
                  <span class="parameters">(it144353,Xx_17051996Xx)</span>
                  <div class="stack-trace">org.openqa.selenium.NoSuchElementException: no such element: Unable to locate element: {&quot;method&quot;:&quot;link text&quot;,&quot;selector&quot;:&quot;Εγχειρίδιο χρήσης&quot;}
  (Session info: chrome=116.0.5845.141)
For documentation on this error, please visit: https://www.selenium.dev/documentation/webdriver/troubleshooting/errors#no-such-element-exception
Build info: version: &apos;4.11.0&apos;, revision: &apos;040bc5406b&apos;
System info: os.name: &apos;Windows 10&apos;, os.arch: &apos;amd64&apos;, os.version: &apos;10.0&apos;, java.version: &apos;16.0.1&apos;
Driver info: org.openqa.selenium.chrome.ChromeDriver
Command: [c3e7fa4d444cee5f7232079b8c8134cc, findElement {using=link text, value=Εγχειρίδιο χρήσης}]
Capabilities {acceptInsecureCerts: false, browserName: chrome, browserVersion: 116.0.5845.141, chrome: {chromedriverVersion: 116.0.5845.96 (1a3918166880..., userDataDir: C:\Users\choul\AppData\Loca...}, fedcm:accounts: true, goog:chromeOptions: {debuggerAddress: localhost:63428}, networkConnectionEnabled: false, pageLoadStrategy: normal, platformName: windows, proxy: Proxy(), se:cdp: ws://localhost:63428/devtoo..., se:cdpVersion: 116.0.5845.141, setWindowRect: true, strictFileInteractability: false, timeouts: {implicit: 0, pageLoad: 300000, script: 30000}, unhandledPromptBehavior: dismiss and notify, webauthn:extension:credBlob: true, webauthn:extension:largeBlob: true, webauthn:extension:minPinLength: true, webauthn:extension:prf: true, webauthn:virtualAuthenticators: true}
Session ID: c3e7fa4d444cee5f7232079b8c8134cc
	at org.openqa.selenium.remote.codec.w3c.W3CHttpResponseCodec.createException(W3CHttpResponseCodec.java:200)
	at org.openqa.selenium.remote.codec.w3c.W3CHttpResponseCodec.decode(W3CHttpResponseCodec.java:133)
	at org.openqa.selenium.remote.codec.w3c.W3CHttpResponseCodec.decode(W3CHttpResponseCodec.java:52)
	at org.openqa.selenium.remote.HttpCommandExecutor.execute(HttpCommandExecutor.java:191)
	at org.openqa.selenium.remote.service.DriverCommandExecutor.invokeExecute(DriverCommandExecutor.java:196)
	at org.openqa.selenium.remote.service.DriverCommandExecutor.execute(DriverCommandExecutor.java:171)
	at org.openqa.selenium.remote.RemoteWebDriver.execute(RemoteWebDriver.java:518)
	at org.openqa.selenium.remote.ElementLocation$ElementFinder$2.findElement(ElementLocation.java:165)
	at org.openqa.selenium.remote.ElementLocation.findElement(ElementLocation.java:59)
	at org.openqa.selenium.remote.RemoteWebDriver.findElement(RemoteWebDriver.java:355)
	at org.openqa.selenium.remote.RemoteWebDriver.findElement(RemoteWebDriver.java:349)
	at tests.TC04_ManualGuideOK.tC04_ManualGuideOK(TC04_ManualGuideOK.java:115)
	at java.base/java.util.ArrayList.forEach(ArrayList.java:1511)
... Removed 32 stack frames
</div> <!-- stack-trace -->
                </div> <!-- method-content -->
              </div> <!-- method -->
            </div> <!-- main-panel-content rounded-window-bottom -->
          </div> <!-- suite-Suite-class-failed -->
          <div class="suite-Suite-class-failed">
            <div class="main-panel-header rounded-window-top">
              <img src="failed.png"/>
              <span class="class-name">tests.TC06_InternshipOK</span>
            </div> <!-- main-panel-header rounded-window-top -->
            <div class="main-panel-content rounded-window-bottom">
              <div class="method">
                <div class="method-content">
                  <a name="tC06_InternshipOK(it144353, Xx_17051996Xx)">
                  </a> <!-- tC06_InternshipOK(it144353, Xx_17051996Xx) -->
                  <span class="method-name">tC06_InternshipOK</span>
                  <span class="parameters">(it144353,Xx_17051996Xx)</span>
                  <div class="stack-trace">org.openqa.selenium.NoSuchElementException: no such element: Unable to locate element: {&quot;method&quot;:&quot;xpath&quot;,&quot;selector&quot;:&quot;/html[1]/body[1]/div[1]/div[1]/div[1]/div[1]/div[1]/div[1]/div[4]/div[3]/ul[1]/div[1]/li[8]/a[1]&quot;}
  (Session info: chrome=116.0.5845.141)
For documentation on this error, please visit: https://www.selenium.dev/documentation/webdriver/troubleshooting/errors#no-such-element-exception
Build info: version: &apos;4.11.0&apos;, revision: &apos;040bc5406b&apos;
System info: os.name: &apos;Windows 10&apos;, os.arch: &apos;amd64&apos;, os.version: &apos;10.0&apos;, java.version: &apos;16.0.1&apos;
Driver info: org.openqa.selenium.chrome.ChromeDriver
Command: [fbff72705aca28b63783203fa7eeab80, findElement {using=xpath, value=/html[1]/body[1]/div[1]/div[1]/div[1]/div[1]/div[1]/div[1]/div[4]/div[3]/ul[1]/div[1]/li[8]/a[1]}]
Capabilities {acceptInsecureCerts: false, browserName: chrome, browserVersion: 116.0.5845.141, chrome: {chromedriverVersion: 116.0.5845.96 (1a3918166880..., userDataDir: C:\Users\choul\AppData\Loca...}, fedcm:accounts: true, goog:chromeOptions: {debuggerAddress: localhost:63462}, networkConnectionEnabled: false, pageLoadStrategy: normal, platformName: windows, proxy: Proxy(), se:cdp: ws://localhost:63462/devtoo..., se:cdpVersion: 116.0.5845.141, setWindowRect: true, strictFileInteractability: false, timeouts: {implicit: 0, pageLoad: 300000, script: 30000}, unhandledPromptBehavior: dismiss and notify, webauthn:extension:credBlob: true, webauthn:extension:largeBlob: true, webauthn:extension:minPinLength: true, webauthn:extension:prf: true, webauthn:virtualAuthenticators: true}
Session ID: fbff72705aca28b63783203fa7eeab80
	at org.openqa.selenium.remote.codec.w3c.W3CHttpResponseCodec.createException(W3CHttpResponseCodec.java:200)
	at org.openqa.selenium.remote.codec.w3c.W3CHttpResponseCodec.decode(W3CHttpResponseCodec.java:133)
	at org.openqa.selenium.remote.codec.w3c.W3CHttpResponseCodec.decode(W3CHttpResponseCodec.java:52)
	at org.openqa.selenium.remote.HttpCommandExecutor.execute(HttpCommandExecutor.java:191)
	at org.openqa.selenium.remote.service.DriverCommandExecutor.invokeExecute(DriverCommandExecutor.java:196)
	at org.openqa.selenium.remote.service.DriverCommandExecutor.execute(DriverCommandExecutor.java:171)
	at org.openqa.selenium.remote.RemoteWebDriver.execute(RemoteWebDriver.java:518)
	at org.openqa.selenium.remote.ElementLocation$ElementFinder$2.findElement(ElementLocation.java:165)
	at org.openqa.selenium.remote.ElementLocation.findElement(ElementLocation.java:59)
	at org.openqa.selenium.remote.RemoteWebDriver.findElement(RemoteWebDriver.java:355)
	at org.openqa.selenium.remote.RemoteWebDriver.findElement(RemoteWebDriver.java:349)
	at webpages.Homepage.isThesesOfCentralMenuDisplayed(Homepage.java:143)
	at tests.TC06_InternshipOK.tC06_InternshipOK(TC06_InternshipOK.java:104)
	at java.base/java.util.ArrayList.forEach(ArrayList.java:1511)
... Removed 32 stack frames
</div> <!-- stack-trace -->
                </div> <!-- method-content -->
              </div> <!-- method -->
            </div> <!-- main-panel-content rounded-window-bottom -->
          </div> <!-- suite-Suite-class-failed -->
          <div class="suite-Suite-class-failed">
            <div class="main-panel-header rounded-window-top">
              <img src="failed.png"/>
              <span class="class-name">tests.TC07_Grades_AllGradesDropDownMenuOK</span>
            </div> <!-- main-panel-header rounded-window-top -->
            <div class="main-panel-content rounded-window-bottom">
              <div class="method">
                <div class="method-content">
                  <a name="tC01LogInCorrectUsernameCorrectPasswordOK(it144353, Xx_17051996Xx)">
                  </a> <!-- tC01LogInCorrectUsernameCorrectPasswordOK(it144353, Xx_17051996Xx) -->
                  <span class="method-name">tC01LogInCorrectUsernameCorrectPasswordOK</span>
                  <span class="parameters">(it144353,Xx_17051996Xx)</span>
                  <div class="stack-trace">org.openqa.selenium.NoSuchElementException: no such element: Unable to locate element: {&quot;method&quot;:&quot;xpath&quot;,&quot;selector&quot;:&quot;/html[1]/body[1]/div[1]/div[1]/div[1]/div[1]/div[1]/div[1]/div[4]/div[3]/ul[1]/div[1]/li[5]/a[1]&quot;}
  (Session info: chrome=116.0.5845.141)
For documentation on this error, please visit: https://www.selenium.dev/documentation/webdriver/troubleshooting/errors#no-such-element-exception
Build info: version: &apos;4.11.0&apos;, revision: &apos;040bc5406b&apos;
System info: os.name: &apos;Windows 10&apos;, os.arch: &apos;amd64&apos;, os.version: &apos;10.0&apos;, java.version: &apos;16.0.1&apos;
Driver info: org.openqa.selenium.chrome.ChromeDriver
Command: [59ffb20e4a3fc7a6c1ad17b098004d03, findElement {using=xpath, value=/html[1]/body[1]/div[1]/div[1]/div[1]/div[1]/div[1]/div[1]/div[4]/div[3]/ul[1]/div[1]/li[5]/a[1]}]
Capabilities {acceptInsecureCerts: false, browserName: chrome, browserVersion: 116.0.5845.141, chrome: {chromedriverVersion: 116.0.5845.96 (1a3918166880..., userDataDir: C:\Users\choul\AppData\Loca...}, fedcm:accounts: true, goog:chromeOptions: {debuggerAddress: localhost:63478}, networkConnectionEnabled: false, pageLoadStrategy: normal, platformName: windows, proxy: Proxy(), se:cdp: ws://localhost:63478/devtoo..., se:cdpVersion: 116.0.5845.141, setWindowRect: true, strictFileInteractability: false, timeouts: {implicit: 0, pageLoad: 300000, script: 30000}, unhandledPromptBehavior: dismiss and notify, webauthn:extension:credBlob: true, webauthn:extension:largeBlob: true, webauthn:extension:minPinLength: true, webauthn:extension:prf: true, webauthn:virtualAuthenticators: true}
Session ID: 59ffb20e4a3fc7a6c1ad17b098004d03
	at org.openqa.selenium.remote.codec.w3c.W3CHttpResponseCodec.createException(W3CHttpResponseCodec.java:200)
	at org.openqa.selenium.remote.codec.w3c.W3CHttpResponseCodec.decode(W3CHttpResponseCodec.java:133)
	at org.openqa.selenium.remote.codec.w3c.W3CHttpResponseCodec.decode(W3CHttpResponseCodec.java:52)
	at org.openqa.selenium.remote.HttpCommandExecutor.execute(HttpCommandExecutor.java:191)
	at org.openqa.selenium.remote.service.DriverCommandExecutor.invokeExecute(DriverCommandExecutor.java:196)
	at org.openqa.selenium.remote.service.DriverCommandExecutor.execute(DriverCommandExecutor.java:171)
	at org.openqa.selenium.remote.RemoteWebDriver.execute(RemoteWebDriver.java:518)
	at org.openqa.selenium.remote.ElementLocation$ElementFinder$2.findElement(ElementLocation.java:165)
	at org.openqa.selenium.remote.ElementLocation.findElement(ElementLocation.java:59)
	at org.openqa.selenium.remote.RemoteWebDriver.findElement(RemoteWebDriver.java:355)
	at org.openqa.selenium.remote.RemoteWebDriver.findElement(RemoteWebDriver.java:349)
	at webpages.Homepage.isGradesOfCentralMenuDisplayed(Homepage.java:153)
	at tests.TC07_Grades_AllGradesDropDownMenuOK.tC01LogInCorrectUsernameCorrectPasswordOK(TC07_Grades_AllGradesDropDownMenuOK.java:105)
	at java.base/java.util.ArrayList.forEach(ArrayList.java:1511)
... Removed 32 stack frames
</div> <!-- stack-trace -->
                </div> <!-- method-content -->
              </div> <!-- method -->
            </div> <!-- main-panel-content rounded-window-bottom -->
          </div> <!-- suite-Suite-class-failed -->
          <div class="suite-Suite-class-failed">
            <div class="main-panel-header rounded-window-top">
              <img src="failed.png"/>
              <span class="class-name">tests.TC03_ChangeLanguageOK</span>
            </div> <!-- main-panel-header rounded-window-top -->
            <div class="main-panel-content rounded-window-bottom">
              <div class="method">
                <div class="method-content">
                  <a name="tC03_ChangeLanguageOK(it144353, Xx_17051996Xx)">
                  </a> <!-- tC03_ChangeLanguageOK(it144353, Xx_17051996Xx) -->
                  <span class="method-name">tC03_ChangeLanguageOK</span>
                  <span class="parameters">(it144353,Xx_17051996Xx)</span>
                  <div class="stack-trace">org.openqa.selenium.NoSuchElementException: no such element: Unable to locate element: {&quot;method&quot;:&quot;css selector&quot;,&quot;selector&quot;:&quot;#localeDropDown&quot;}
  (Session info: chrome=116.0.5845.141)
For documentation on this error, please visit: https://www.selenium.dev/documentation/webdriver/troubleshooting/errors#no-such-element-exception
Build info: version: &apos;4.11.0&apos;, revision: &apos;040bc5406b&apos;
System info: os.name: &apos;Windows 10&apos;, os.arch: &apos;amd64&apos;, os.version: &apos;10.0&apos;, java.version: &apos;16.0.1&apos;
Driver info: org.openqa.selenium.chrome.ChromeDriver
Command: [e1d108683ee96162cb4ea29ee5e11e61, findElement {using=id, value=localeDropDown}]
Capabilities {acceptInsecureCerts: false, browserName: chrome, browserVersion: 116.0.5845.141, chrome: {chromedriverVersion: 116.0.5845.96 (1a3918166880..., userDataDir: C:\Users\choul\AppData\Loca...}, fedcm:accounts: true, goog:chromeOptions: {debuggerAddress: localhost:63417}, networkConnectionEnabled: false, pageLoadStrategy: normal, platformName: windows, proxy: Proxy(), se:cdp: ws://localhost:63417/devtoo..., se:cdpVersion: 116.0.5845.141, setWindowRect: true, strictFileInteractability: false, timeouts: {implicit: 0, pageLoad: 300000, script: 30000}, unhandledPromptBehavior: dismiss and notify, webauthn:extension:credBlob: true, webauthn:extension:largeBlob: true, webauthn:extension:minPinLength: true, webauthn:extension:prf: true, webauthn:virtualAuthenticators: true}
Session ID: e1d108683ee96162cb4ea29ee5e11e61
	at org.openqa.selenium.remote.codec.w3c.W3CHttpResponseCodec.createException(W3CHttpResponseCodec.java:200)
	at org.openqa.selenium.remote.codec.w3c.W3CHttpResponseCodec.decode(W3CHttpResponseCodec.java:133)
	at org.openqa.selenium.remote.codec.w3c.W3CHttpResponseCodec.decode(W3CHttpResponseCodec.java:52)
	at org.openqa.selenium.remote.HttpCommandExecutor.execute(HttpCommandExecutor.java:191)
	at org.openqa.selenium.remote.service.DriverCommandExecutor.invokeExecute(DriverCommandExecutor.java:196)
	at org.openqa.selenium.remote.service.DriverCommandExecutor.execute(DriverCommandExecutor.java:171)
	at org.openqa.selenium.remote.RemoteWebDriver.execute(RemoteWebDriver.java:518)
	at org.openqa.selenium.remote.ElementLocation$ElementFinder$2.findElement(ElementLocation.java:165)
	at org.openqa.selenium.remote.ElementLocation.findElement(ElementLocation.java:59)
	at org.openqa.selenium.remote.RemoteWebDriver.findElement(RemoteWebDriver.java:355)
	at org.openqa.selenium.remote.RemoteWebDriver.findElement(RemoteWebDriver.java:349)
	at webpages.Homepage.isLanguageDropDownMenuDisplayed(Homepage.java:91)
	at tests.TC03_ChangeLanguageOK.tC03_ChangeLanguageOK(TC03_ChangeLanguageOK.java:101)
	at java.base/java.util.ArrayList.forEach(ArrayList.java:1511)
... Removed 32 stack frames
</div> <!-- stack-trace -->
                </div> <!-- method-content -->
              </div> <!-- method -->
            </div> <!-- main-panel-content rounded-window-bottom -->
          </div> <!-- suite-Suite-class-failed -->
          <div class="suite-Suite-class-failed">
            <div class="main-panel-header rounded-window-top">
              <img src="failed.png"/>
              <span class="class-name">tests.TC05_PersonalDataOK</span>
            </div> <!-- main-panel-header rounded-window-top -->
            <div class="main-panel-content rounded-window-bottom">
              <div class="method">
                <div class="method-content">
                  <a name="tC05_PersonalDataOK(it144353, Xx_17051996Xx)">
                  </a> <!-- tC05_PersonalDataOK(it144353, Xx_17051996Xx) -->
                  <span class="method-name">tC05_PersonalDataOK</span>
                  <span class="parameters">(it144353,Xx_17051996Xx)</span>
                  <div class="stack-trace">org.openqa.selenium.NoSuchElementException: no such element: Unable to locate element: {&quot;method&quot;:&quot;xpath&quot;,&quot;selector&quot;:&quot;/html[1]/body[1]/div[1]/div[1]/div[1]/div[1]/div[1]/div[1]/div[4]/div[3]/ul[1]/div[1]/li[2]/a[1]&quot;}
  (Session info: chrome=116.0.5845.141)
For documentation on this error, please visit: https://www.selenium.dev/documentation/webdriver/troubleshooting/errors#no-such-element-exception
Build info: version: &apos;4.11.0&apos;, revision: &apos;040bc5406b&apos;
System info: os.name: &apos;Windows 10&apos;, os.arch: &apos;amd64&apos;, os.version: &apos;10.0&apos;, java.version: &apos;16.0.1&apos;
Driver info: org.openqa.selenium.chrome.ChromeDriver
Command: [a83ae80d82e4826bba21946b7321e37c, findElement {using=xpath, value=/html[1]/body[1]/div[1]/div[1]/div[1]/div[1]/div[1]/div[1]/div[4]/div[3]/ul[1]/div[1]/li[2]/a[1]}]
Capabilities {acceptInsecureCerts: false, browserName: chrome, browserVersion: 116.0.5845.141, chrome: {chromedriverVersion: 116.0.5845.96 (1a3918166880..., userDataDir: C:\Users\choul\AppData\Loca...}, fedcm:accounts: true, goog:chromeOptions: {debuggerAddress: localhost:63450}, networkConnectionEnabled: false, pageLoadStrategy: normal, platformName: windows, proxy: Proxy(), se:cdp: ws://localhost:63450/devtoo..., se:cdpVersion: 116.0.5845.141, setWindowRect: true, strictFileInteractability: false, timeouts: {implicit: 0, pageLoad: 300000, script: 30000}, unhandledPromptBehavior: dismiss and notify, webauthn:extension:credBlob: true, webauthn:extension:largeBlob: true, webauthn:extension:minPinLength: true, webauthn:extension:prf: true, webauthn:virtualAuthenticators: true}
Session ID: a83ae80d82e4826bba21946b7321e37c
	at org.openqa.selenium.remote.codec.w3c.W3CHttpResponseCodec.createException(W3CHttpResponseCodec.java:200)
	at org.openqa.selenium.remote.codec.w3c.W3CHttpResponseCodec.decode(W3CHttpResponseCodec.java:133)
	at org.openqa.selenium.remote.codec.w3c.W3CHttpResponseCodec.decode(W3CHttpResponseCodec.java:52)
	at org.openqa.selenium.remote.HttpCommandExecutor.execute(HttpCommandExecutor.java:191)
	at org.openqa.selenium.remote.service.DriverCommandExecutor.invokeExecute(DriverCommandExecutor.java:196)
	at org.openqa.selenium.remote.service.DriverCommandExecutor.execute(DriverCommandExecutor.java:171)
	at org.openqa.selenium.remote.RemoteWebDriver.execute(RemoteWebDriver.java:518)
	at org.openqa.selenium.remote.ElementLocation$ElementFinder$2.findElement(ElementLocation.java:165)
	at org.openqa.selenium.remote.ElementLocation.findElement(ElementLocation.java:59)
	at org.openqa.selenium.remote.RemoteWebDriver.findElement(RemoteWebDriver.java:355)
	at org.openqa.selenium.remote.RemoteWebDriver.findElement(RemoteWebDriver.java:349)
	at webpages.Homepage.isStudentDataOfCentralMenuDisplayed(Homepage.java:133)
	at tests.TC05_PersonalDataOK.tC05_PersonalDataOK(TC05_PersonalDataOK.java:104)
	at java.base/java.util.ArrayList.forEach(ArrayList.java:1511)
... Removed 32 stack frames
</div> <!-- stack-trace -->
                </div> <!-- method-content -->
              </div> <!-- method -->
            </div> <!-- main-panel-content rounded-window-bottom -->
          </div> <!-- suite-Suite-class-failed -->
          <div class="suite-Suite-class-failed">
            <div class="main-panel-header rounded-window-top">
              <img src="failed.png"/>
              <span class="class-name">tests.TC01_LogInCorrectUsernameCorrectPasswordOK</span>
            </div> <!-- main-panel-header rounded-window-top -->
            <div class="main-panel-content rounded-window-bottom">
              <div class="method">
                <div class="method-content">
                  <a name="tC01LogInCorrectUsernameCorrectPasswordOK(it144353, Xx_17051996Xx)">
                  </a> <!-- tC01LogInCorrectUsernameCorrectPasswordOK(it144353, Xx_17051996Xx) -->
                  <span class="method-name">tC01LogInCorrectUsernameCorrectPasswordOK</span>
                  <span class="parameters">(it144353,Xx_17051996Xx)</span>
                  <div class="stack-trace">java.lang.AssertionError
	at tests.TC01_LogInCorrectUsernameCorrectPasswordOK.tC01LogInCorrectUsernameCorrectPasswordOK(TC01_LogInCorrectUsernameCorrectPasswordOK.java:109)
	at java.base/java.util.ArrayList.forEach(ArrayList.java:1511)
... Removed 27 stack frames
</div> <!-- stack-trace -->
                </div> <!-- method-content -->
              </div> <!-- method -->
            </div> <!-- main-panel-content rounded-window-bottom -->
          </div> <!-- suite-Suite-class-failed -->
          <div class="suite-Suite-class-passed">
            <div class="main-panel-header rounded-window-top">
              <img src="passed.png"/>
              <span class="class-name">tests.TC11_LogInWithoutEnteringPasswordKO</span>
            </div> <!-- main-panel-header rounded-window-top -->
            <div class="main-panel-content rounded-window-bottom">
              <div class="method">
                <div class="method-content">
                  <a name="tC11_LogInWithoutEnteringPasswordKO(it144353, )">
                  </a> <!-- tC11_LogInWithoutEnteringPasswordKO(it144353, ) -->
                  <span class="method-name">tC11_LogInWithoutEnteringPasswordKO</span>
                  <span class="parameters">(it144353,)</span>
                </div> <!-- method-content -->
              </div> <!-- method -->
            </div> <!-- main-panel-content rounded-window-bottom -->
          </div> <!-- suite-Suite-class-passed -->
          <div class="suite-Suite-class-passed">
            <div class="main-panel-header rounded-window-top">
              <img src="passed.png"/>
              <span class="class-name">tests.TC12_LogInWithWrongUsernameCorrectPasswordKO</span>
            </div> <!-- main-panel-header rounded-window-top -->
            <div class="main-panel-content rounded-window-bottom">
              <div class="method">
                <div class="method-content">
                  <a name="tC12_LogInWithWrongUsernameCorrectPasswordKO(awrongusername, Xx_17051996Xx)">
                  </a> <!-- tC12_LogInWithWrongUsernameCorrectPasswordKO(awrongusername, Xx_17051996Xx) -->
                  <span class="method-name">tC12_LogInWithWrongUsernameCorrectPasswordKO</span>
                  <span class="parameters">(awrongusername,Xx_17051996Xx)</span>
                </div> <!-- method-content -->
              </div> <!-- method -->
            </div> <!-- main-panel-content rounded-window-bottom -->
          </div> <!-- suite-Suite-class-passed -->
          <div class="suite-Suite-class-passed">
            <div class="main-panel-header rounded-window-top">
              <img src="passed.png"/>
              <span class="class-name">tests.TC13_LogInWithCorrectUsernameWrongPasswordKO</span>
            </div> <!-- main-panel-header rounded-window-top -->
            <div class="main-panel-content rounded-window-bottom">
              <div class="method">
                <div class="method-content">
                  <a name="tC13_LogInWithCorrectUsernameWrongPasswordKO(it144353, awrongpassword)">
                  </a> <!-- tC13_LogInWithCorrectUsernameWrongPasswordKO(it144353, awrongpassword) -->
                  <span class="method-name">tC13_LogInWithCorrectUsernameWrongPasswordKO</span>
                  <span class="parameters">(it144353,awrongpassword)</span>
                </div> <!-- method-content -->
              </div> <!-- method -->
            </div> <!-- main-panel-content rounded-window-bottom -->
          </div> <!-- suite-Suite-class-passed -->
          <div class="suite-Suite-class-passed">
            <div class="main-panel-header rounded-window-top">
              <img src="passed.png"/>
              <span class="class-name">tests.TC10_LogInWithoutEnteringUsernameKO</span>
            </div> <!-- main-panel-header rounded-window-top -->
            <div class="main-panel-content rounded-window-bottom">
              <div class="method">
                <div class="method-content">
                  <a name="tC10_LogInWithoutEnteringUsernameKO(, Xx_17051996Xx)">
                  </a> <!-- tC10_LogInWithoutEnteringUsernameKO(, Xx_17051996Xx) -->
                  <span class="method-name">tC10_LogInWithoutEnteringUsernameKO</span>
                  <span class="parameters">(,Xx_17051996Xx)</span>
                </div> <!-- method-content -->
              </div> <!-- method -->
            </div> <!-- main-panel-content rounded-window-bottom -->
          </div> <!-- suite-Suite-class-passed -->
        </div> <!-- panel Suite -->
        <div panel-name="test-xml-Suite" class="panel">
          <div class="main-panel-header rounded-window-top">
            <span class="header-content">C:\GIT\SeleniumThesisE2ETests\testng.xml</span>
          </div> <!-- main-panel-header rounded-window-top -->
          <div class="main-panel-content rounded-window-bottom">
            <pre>
&lt;?xml version=&quot;1.0&quot; encoding=&quot;UTF-8&quot;?&gt;
&lt;!DOCTYPE suite SYSTEM &quot;https://testng.org/testng-1.0.dtd&quot;&gt;
&lt;suite name=&quot;Suite&quot; guice-stage=&quot;DEVELOPMENT&quot;&gt;
  &lt;test thread-count=&quot;5&quot; name=&quot;Test&quot;&gt;
    &lt;parameter name=&quot;wrongPassword&quot; value=&quot;awrongpassword&quot;/&gt;
    &lt;parameter name=&quot;password&quot; value=&quot;Xx_17051996Xx&quot;/&gt;
    &lt;parameter name=&quot;emptyUsername&quot; value=&quot;&quot;/&gt;
    &lt;parameter name=&quot;browser&quot; value=&quot;Chrome&quot;/&gt;
    &lt;parameter name=&quot;wrongUsername&quot; value=&quot;awrongusername&quot;/&gt;
    &lt;parameter name=&quot;username&quot; value=&quot;it144353&quot;/&gt;
    &lt;parameter name=&quot;emptyPassword&quot; value=&quot;&quot;/&gt;
    &lt;classes&gt;
      &lt;class name=&quot;tests.TC01_LogInCorrectUsernameCorrectPasswordOK&quot;/&gt;
      &lt;class name=&quot;tests.TC02_LogOutOK&quot;/&gt;
      &lt;class name=&quot;tests.TC03_ChangeLanguageOK&quot;/&gt;
      &lt;class name=&quot;tests.TC04_ManualGuideOK&quot;/&gt;
      &lt;class name=&quot;tests.TC05_PersonalDataOK&quot;/&gt;
      &lt;class name=&quot;tests.TC06_InternshipOK&quot;/&gt;
      &lt;class name=&quot;tests.TC07_Grades_AllGradesDropDownMenuOK&quot;/&gt;
      &lt;class name=&quot;tests.TC08_Exams_ExamsCalendarOK&quot;/&gt;
      &lt;class name=&quot;tests.TC09_HamburgerMenuItemsWhenColapsedOK&quot;/&gt;
      &lt;class name=&quot;tests.TC10_LogInWithoutEnteringUsernameKO&quot;/&gt;
      &lt;class name=&quot;tests.TC11_LogInWithoutEnteringPasswordKO&quot;/&gt;
      &lt;class name=&quot;tests.TC12_LogInWithWrongUsernameCorrectPasswordKO&quot;/&gt;
      &lt;class name=&quot;tests.TC13_LogInWithCorrectUsernameWrongPasswordKO&quot;/&gt;
    &lt;/classes&gt;
  &lt;/test&gt; &lt;!-- Test --&gt;
&lt;/suite&gt; &lt;!-- Suite --&gt;
            </pre>
          </div> <!-- main-panel-content rounded-window-bottom -->
        </div> <!-- panel -->
        <div panel-name="testlist-Suite" class="panel">
          <div class="main-panel-header rounded-window-top">
            <span class="header-content">Tests for Suite</span>
          </div> <!-- main-panel-header rounded-window-top -->
          <div class="main-panel-content rounded-window-bottom">
            <ul>
              <li>
                <span class="test-name">Test (13 classes)</span>
              </li>
            </ul>
          </div> <!-- main-panel-content rounded-window-bottom -->
        </div> <!-- panel -->
        <div panel-name="group-Suite" class="panel">
          <div class="main-panel-header rounded-window-top">
            <span class="header-content">Groups for Suite</span>
          </div> <!-- main-panel-header rounded-window-top -->
          <div class="main-panel-content rounded-window-bottom">
          </div> <!-- main-panel-content rounded-window-bottom -->
        </div> <!-- panel -->
        <div panel-name="times-Suite" class="panel">
          <div class="main-panel-header rounded-window-top">
            <span class="header-content">Times for Suite</span>
          </div> <!-- main-panel-header rounded-window-top -->
          <div class="main-panel-content rounded-window-bottom">
            <div class="times-div">
              <script type="text/javascript">
suiteTableInitFunctions.push('tableData_Suite');
function tableData_Suite() {
var data = new google.visualization.DataTable();
data.addColumn('number', 'Number');
data.addColumn('string', 'Method');
data.addColumn('string', 'Class');
data.addColumn('number', 'Time (ms)');
data.addRows(13);
data.setCell(0, 0, 0)
data.setCell(0, 1, 'tC01LogInCorrectUsernameCorrectPasswordOK')
data.setCell(0, 2, 'tests.TC01_LogInCorrectUsernameCorrectPasswordOK')
data.setCell(0, 3, 74208);
data.setCell(1, 0, 1)
data.setCell(1, 1, 'tC02_LogOutOK')
data.setCell(1, 2, 'tests.TC02_LogOutOK')
data.setCell(1, 3, 68339);
data.setCell(2, 0, 2)
data.setCell(2, 1, 'tC03_ChangeLanguageOK')
data.setCell(2, 2, 'tests.TC03_ChangeLanguageOK')
data.setCell(2, 3, 68178);
data.setCell(3, 0, 3)
data.setCell(3, 1, 'tC13_LogInWithCorrectUsernameWrongPasswordKO')
data.setCell(3, 2, 'tests.TC13_LogInWithCorrectUsernameWrongPasswordKO')
data.setCell(3, 3, 13603);
data.setCell(4, 0, 4)
data.setCell(4, 1, 'tC04_ManualGuideOK')
data.setCell(4, 2, 'tests.TC04_ManualGuideOK')
data.setCell(4, 3, 10364);
data.setCell(5, 0, 5)
data.setCell(5, 1, 'tC11_LogInWithoutEnteringPasswordKO')
data.setCell(5, 2, 'tests.TC11_LogInWithoutEnteringPasswordKO')
data.setCell(5, 3, 9851);
data.setCell(6, 0, 6)
data.setCell(6, 1, 'tC10_LogInWithoutEnteringUsernameKO')
data.setCell(6, 2, 'tests.TC10_LogInWithoutEnteringUsernameKO')
data.setCell(6, 3, 9539);
data.setCell(7, 0, 7)
data.setCell(7, 1, 'tC06_InternshipOK')
data.setCell(7, 2, 'tests.TC06_InternshipOK')
data.setCell(7, 3, 7861);
data.setCell(8, 0, 8)
data.setCell(8, 1, 'tC09_HamburgerMenuItemsWhenColapsedOK')
data.setCell(8, 2, 'tests.TC09_HamburgerMenuItemsWhenColapsedOK')
data.setCell(8, 3, 7660);
data.setCell(9, 0, 9)
data.setCell(9, 1, 'tC01LogInCorrectUsernameCorrectPasswordOK')
data.setCell(9, 2, 'tests.TC07_Grades_AllGradesDropDownMenuOK')
data.setCell(9, 3, 7637);
data.setCell(10, 0, 10)
data.setCell(10, 1, 'tC08_Exams_ExamsCalendarOK')
data.setCell(10, 2, 'tests.TC08_Exams_ExamsCalendarOK')
data.setCell(10, 3, 7613);
data.setCell(11, 0, 11)
data.setCell(11, 1, 'tC12_LogInWithWrongUsernameCorrectPasswordKO')
data.setCell(11, 2, 'tests.TC12_LogInWithWrongUsernameCorrectPasswordKO')
data.setCell(11, 3, 7386);
data.setCell(12, 0, 12)
data.setCell(12, 1, 'tC05_PersonalDataOK')
data.setCell(12, 2, 'tests.TC05_PersonalDataOK')
data.setCell(12, 3, 7341);
window.suiteTableData['Suite']= { tableData: data, tableDiv: 'times-div-Suite'}
return data;
}
              </script>
              <span class="suite-total-time">Total running time: 4 minutes</span>
              <div id="times-div-Suite">
              </div> <!-- times-div-Suite -->
            </div> <!-- times-div -->
          </div> <!-- main-panel-content rounded-window-bottom -->
        </div> <!-- panel -->
        <div panel-name="reporter-Suite" class="panel">
          <div class="main-panel-header rounded-window-top">
            <span class="header-content">Reporter output for Suite</span>
          </div> <!-- main-panel-header rounded-window-top -->
          <div class="main-panel-content rounded-window-bottom">
          </div> <!-- main-panel-content rounded-window-bottom -->
        </div> <!-- panel -->
        <div panel-name="ignored-methods-Suite" class="panel">
          <div class="main-panel-header rounded-window-top">
            <span class="header-content">0 ignored methods</span>
          </div> <!-- main-panel-header rounded-window-top -->
          <div class="main-panel-content rounded-window-bottom">
          </div> <!-- main-panel-content rounded-window-bottom -->
        </div> <!-- panel -->
        <div panel-name="chronological-Suite" class="panel">
          <div class="main-panel-header rounded-window-top">
            <span class="header-content">Methods in chronological order</span>
          </div> <!-- main-panel-header rounded-window-top -->
          <div class="main-panel-content rounded-window-bottom">
            <div class="chronological-class">
              <div class="chronological-class-name">tests.TC01_LogInCorrectUsernameCorrectPasswordOK</div> <!-- chronological-class-name -->
              <div class="configuration-test before">
                <span class="method-name">setUpTest(Chrome)</span>
                <span class="method-start">0 ms</span>
              </div> <!-- configuration-test before -->
            </div> <!-- chronological-class -->
            <div class="chronological-class">
              <div class="chronological-class-name">tests.TC02_LogOutOK</div> <!-- chronological-class-name -->
              <div class="configuration-test before">
                <span class="method-name">setUpTest(Chrome)</span>
                <span class="method-start">3902 ms</span>
              </div> <!-- configuration-test before -->
            </div> <!-- chronological-class -->
            <div class="chronological-class">
              <div class="chronological-class-name">tests.TC03_ChangeLanguageOK</div> <!-- chronological-class-name -->
              <div class="configuration-test before">
                <span class="method-name">setUpTest(Chrome)</span>
                <span class="method-start">4722 ms</span>
              </div> <!-- configuration-test before -->
            </div> <!-- chronological-class -->
            <div class="chronological-class">
              <div class="chronological-class-name">tests.TC04_ManualGuideOK</div> <!-- chronological-class-name -->
              <div class="configuration-test before">
                <span class="method-name">setUpTest(Chrome)</span>
                <span class="method-start">5786 ms</span>
              </div> <!-- configuration-test before -->
            </div> <!-- chronological-class -->
            <div class="chronological-class">
              <div class="chronological-class-name">tests.TC05_PersonalDataOK</div> <!-- chronological-class-name -->
              <div class="configuration-test before">
                <span class="method-name">setUpTest(Chrome)</span>
                <span class="method-start">16641 ms</span>
              </div> <!-- configuration-test before -->
            </div> <!-- chronological-class -->
            <div class="chronological-class">
              <div class="chronological-class-name">tests.TC06_InternshipOK</div> <!-- chronological-class-name -->
              <div class="configuration-test before">
                <span class="method-name">setUpTest(Chrome)</span>
                <span class="method-start">17437 ms</span>
              </div> <!-- configuration-test before -->
            </div> <!-- chronological-class -->
            <div class="chronological-class">
              <div class="chronological-class-name">tests.TC07_Grades_AllGradesDropDownMenuOK</div> <!-- chronological-class-name -->
              <div class="configuration-test before">
                <span class="method-name">setUpTest(Chrome)</span>
                <span class="method-start">18335 ms</span>
              </div> <!-- configuration-test before -->
            </div> <!-- chronological-class -->
            <div class="chronological-class">
              <div class="chronological-class-name">tests.TC08_Exams_ExamsCalendarOK</div> <!-- chronological-class-name -->
              <div class="configuration-test before">
                <span class="method-name">setUpTest(Chrome)</span>
                <span class="method-start">19860 ms</span>
              </div> <!-- configuration-test before -->
            </div> <!-- chronological-class -->
            <div class="chronological-class">
              <div class="chronological-class-name">tests.TC09_HamburgerMenuItemsWhenColapsedOK</div> <!-- chronological-class-name -->
              <div class="configuration-test before">
                <span class="method-name">setUpTest(Chrome)</span>
                <span class="method-start">22314 ms</span>
              </div> <!-- configuration-test before -->
            </div> <!-- chronological-class -->
            <div class="chronological-class">
              <div class="chronological-class-name">tests.TC10_LogInWithoutEnteringUsernameKO</div> <!-- chronological-class-name -->
              <div class="configuration-test before">
                <span class="method-name">setUpTest(Chrome)</span>
                <span class="method-start">25217 ms</span>
              </div> <!-- configuration-test before -->
            </div> <!-- chronological-class -->
            <div class="chronological-class">
              <div class="chronological-class-name">tests.TC11_LogInWithoutEnteringPasswordKO</div> <!-- chronological-class-name -->
              <div class="configuration-test before">
                <span class="method-name">setUpTest(Chrome)</span>
                <span class="method-start">28403 ms</span>
              </div> <!-- configuration-test before -->
            </div> <!-- chronological-class -->
            <div class="chronological-class">
              <div class="chronological-class-name">tests.TC12_LogInWithWrongUsernameCorrectPasswordKO</div> <!-- chronological-class-name -->
              <div class="configuration-test before">
                <span class="method-name">setUpTest(Chrome)</span>
                <span class="method-start">29900 ms</span>
              </div> <!-- configuration-test before -->
            </div> <!-- chronological-class -->
            <div class="chronological-class">
              <div class="chronological-class-name">tests.TC13_LogInWithCorrectUsernameWrongPasswordKO</div> <!-- chronological-class-name -->
              <div class="configuration-test before">
                <span class="method-name">setUpTest(Chrome)</span>
                <span class="method-start">33172 ms</span>
              </div> <!-- configuration-test before -->
            </div> <!-- chronological-class -->
            <div class="chronological-class">
              <div class="chronological-class-name">tests.TC01_LogInCorrectUsernameCorrectPasswordOK</div> <!-- chronological-class-name -->
              <div class="test-method">
                <img src="failed.png">
                </img>
                <span class="method-name">tC01LogInCorrectUsernameCorrectPasswordOK(it144353, Xx_17051996Xx)</span>
                <span class="method-start">35846 ms</span>
              </div> <!-- test-method -->
            </div> <!-- chronological-class -->
            <div class="chronological-class">
              <div class="chronological-class-name">tests.TC02_LogOutOK</div> <!-- chronological-class-name -->
              <div class="test-method">
                <img src="failed.png">
                </img>
                <span class="method-name">tC02_LogOutOK(it144353, Xx_17051996Xx)</span>
                <span class="method-start">110060 ms</span>
              </div> <!-- test-method -->
            </div> <!-- chronological-class -->
            <div class="chronological-class">
              <div class="chronological-class-name">tests.TC03_ChangeLanguageOK</div> <!-- chronological-class-name -->
              <div class="test-method">
                <img src="failed.png">
                </img>
                <span class="method-name">tC03_ChangeLanguageOK(it144353, Xx_17051996Xx)</span>
                <span class="method-start">178403 ms</span>
              </div> <!-- test-method -->
            </div> <!-- chronological-class -->
            <div class="chronological-class">
              <div class="chronological-class-name">tests.TC04_ManualGuideOK</div> <!-- chronological-class-name -->
              <div class="test-method">
                <img src="failed.png">
                </img>
                <span class="method-name">tC04_ManualGuideOK(it144353, Xx_17051996Xx)</span>
                <span class="method-start">246582 ms</span>
              </div> <!-- test-method -->
            </div> <!-- chronological-class -->
            <div class="chronological-class">
              <div class="chronological-class-name">tests.TC05_PersonalDataOK</div> <!-- chronological-class-name -->
              <div class="test-method">
                <img src="failed.png">
                </img>
                <span class="method-name">tC05_PersonalDataOK(it144353, Xx_17051996Xx)</span>
                <span class="method-start">256950 ms</span>
              </div> <!-- test-method -->
            </div> <!-- chronological-class -->
            <div class="chronological-class">
              <div class="chronological-class-name">tests.TC06_InternshipOK</div> <!-- chronological-class-name -->
              <div class="test-method">
                <img src="failed.png">
                </img>
                <span class="method-name">tC06_InternshipOK(it144353, Xx_17051996Xx)</span>
                <span class="method-start">264293 ms</span>
              </div> <!-- test-method -->
            </div> <!-- chronological-class -->
            <div class="chronological-class">
              <div class="chronological-class-name">tests.TC07_Grades_AllGradesDropDownMenuOK</div> <!-- chronological-class-name -->
              <div class="test-method">
                <img src="failed.png">
                </img>
                <span class="method-name">tC01LogInCorrectUsernameCorrectPasswordOK(it144353, Xx_17051996Xx)</span>
                <span class="method-start">272156 ms</span>
              </div> <!-- test-method -->
            </div> <!-- chronological-class -->
            <div class="chronological-class">
              <div class="chronological-class-name">tests.TC08_Exams_ExamsCalendarOK</div> <!-- chronological-class-name -->
              <div class="test-method">
                <img src="failed.png">
                </img>
                <span class="method-name">tC08_Exams_ExamsCalendarOK(it144353, Xx_17051996Xx)</span>
                <span class="method-start">279798 ms</span>
              </div> <!-- test-method -->
            </div> <!-- chronological-class -->
            <div class="chronological-class">
              <div class="chronological-class-name">tests.TC09_HamburgerMenuItemsWhenColapsedOK</div> <!-- chronological-class-name -->
              <div class="test-method">
                <img src="failed.png">
                </img>
                <span class="method-name">tC09_HamburgerMenuItemsWhenColapsedOK(it144353, Xx_17051996Xx)</span>
                <span class="method-start">287415 ms</span>
              </div> <!-- test-method -->
            </div> <!-- chronological-class -->
            <div class="chronological-class">
              <div class="chronological-class-name">tests.TC10_LogInWithoutEnteringUsernameKO</div> <!-- chronological-class-name -->
              <div class="test-method">
                <span class="method-name">tC10_LogInWithoutEnteringUsernameKO(, Xx_17051996Xx)</span>
                <span class="method-start">295078 ms</span>
              </div> <!-- test-method -->
            </div> <!-- chronological-class -->
            <div class="chronological-class">
              <div class="chronological-class-name">tests.TC11_LogInWithoutEnteringPasswordKO</div> <!-- chronological-class-name -->
              <div class="test-method">
                <span class="method-name">tC11_LogInWithoutEnteringPasswordKO(it144353, )</span>
                <span class="method-start">304619 ms</span>
              </div> <!-- test-method -->
            </div> <!-- chronological-class -->
            <div class="chronological-class">
              <div class="chronological-class-name">tests.TC12_LogInWithWrongUsernameCorrectPasswordKO</div> <!-- chronological-class-name -->
              <div class="test-method">
                <span class="method-name">tC12_LogInWithWrongUsernameCorrectPasswordKO(awrongusername, Xx_17051996Xx)</span>
                <span class="method-start">314471 ms</span>
              </div> <!-- test-method -->
            </div> <!-- chronological-class -->
            <div class="chronological-class">
              <div class="chronological-class-name">tests.TC13_LogInWithCorrectUsernameWrongPasswordKO</div> <!-- chronological-class-name -->
              <div class="test-method">
                <span class="method-name">tC13_LogInWithCorrectUsernameWrongPasswordKO(it144353, awrongpassword)</span>
                <span class="method-start">321858 ms</span>
              </div> <!-- test-method -->
            </div> <!-- chronological-class -->
            <div class="chronological-class">
              <div class="chronological-class-name">tests.TC01_LogInCorrectUsernameCorrectPasswordOK</div> <!-- chronological-class-name -->
              <div class="configuration-test after">
                <span class="method-name">tearDownTest</span>
                <span class="method-start">335462 ms</span>
              </div> <!-- configuration-test after -->
            </div> <!-- chronological-class -->
            <div class="chronological-class">
              <div class="chronological-class-name">tests.TC02_LogOutOK</div> <!-- chronological-class-name -->
              <div class="configuration-test after">
                <span class="method-name">tearDownTest</span>
                <span class="method-start">336278 ms</span>
              </div> <!-- configuration-test after -->
            </div> <!-- chronological-class -->
            <div class="chronological-class">
              <div class="chronological-class-name">tests.TC03_ChangeLanguageOK</div> <!-- chronological-class-name -->
              <div class="configuration-test after">
                <span class="method-name">tearDownTest</span>
                <span class="method-start">336767 ms</span>
              </div> <!-- configuration-test after -->
            </div> <!-- chronological-class -->
            <div class="chronological-class">
              <div class="chronological-class-name">tests.TC04_ManualGuideOK</div> <!-- chronological-class-name -->
              <div class="configuration-test after">
                <span class="method-name">tearDownTest</span>
                <span class="method-start">337152 ms</span>
              </div> <!-- configuration-test after -->
            </div> <!-- chronological-class -->
            <div class="chronological-class">
              <div class="chronological-class-name">tests.TC05_PersonalDataOK</div> <!-- chronological-class-name -->
              <div class="configuration-test after">
                <span class="method-name">tearDownTest</span>
                <span class="method-start">337484 ms</span>
              </div> <!-- configuration-test after -->
            </div> <!-- chronological-class -->
            <div class="chronological-class">
              <div class="chronological-class-name">tests.TC06_InternshipOK</div> <!-- chronological-class-name -->
              <div class="configuration-test after">
                <span class="method-name">tearDownTest</span>
                <span class="method-start">337951 ms</span>
              </div> <!-- configuration-test after -->
            </div> <!-- chronological-class -->
            <div class="chronological-class">
              <div class="chronological-class-name">tests.TC07_Grades_AllGradesDropDownMenuOK</div> <!-- chronological-class-name -->
              <div class="configuration-test after">
                <span class="method-name">tearDownTest</span>
                <span class="method-start">338284 ms</span>
              </div> <!-- configuration-test after -->
            </div> <!-- chronological-class -->
            <div class="chronological-class">
              <div class="chronological-class-name">tests.TC08_Exams_ExamsCalendarOK</div> <!-- chronological-class-name -->
              <div class="configuration-test after">
                <span class="method-name">tearDownTest</span>
                <span class="method-start">338740 ms</span>
              </div> <!-- configuration-test after -->
            </div> <!-- chronological-class -->
            <div class="chronological-class">
              <div class="chronological-class-name">tests.TC09_HamburgerMenuItemsWhenColapsedOK</div> <!-- chronological-class-name -->
              <div class="configuration-test after">
                <span class="method-name">tearDownTest</span>
                <span class="method-start">339045 ms</span>
              </div> <!-- configuration-test after -->
            </div> <!-- chronological-class -->
            <div class="chronological-class">
              <div class="chronological-class-name">tests.TC10_LogInWithoutEnteringUsernameKO</div> <!-- chronological-class-name -->
              <div class="configuration-test after">
                <span class="method-name">tearDownTest</span>
                <span class="method-start">339326 ms</span>
              </div> <!-- configuration-test after -->
            </div> <!-- chronological-class -->
            <div class="chronological-class">
              <div class="chronological-class-name">tests.TC11_LogInWithoutEnteringPasswordKO</div> <!-- chronological-class-name -->
              <div class="configuration-test after">
                <span class="method-name">tearDownTest</span>
                <span class="method-start">339626 ms</span>
              </div> <!-- configuration-test after -->
            </div> <!-- chronological-class -->
            <div class="chronological-class">
              <div class="chronological-class-name">tests.TC12_LogInWithWrongUsernameCorrectPasswordKO</div> <!-- chronological-class-name -->
              <div class="configuration-test after">
                <span class="method-name">tearDownTest</span>
                <span class="method-start">339937 ms</span>
              </div> <!-- configuration-test after -->
            </div> <!-- chronological-class -->
            <div class="chronological-class">
              <div class="chronological-class-name">tests.TC13_LogInWithCorrectUsernameWrongPasswordKO</div> <!-- chronological-class-name -->
              <div class="configuration-test after">
                <span class="method-name">tearDownTest</span>
                <span class="method-start">340970 ms</span>
              </div> <!-- configuration-test after -->
          </div> <!-- main-panel-content rounded-window-bottom -->
        </div> <!-- panel -->
      </div> <!-- main-panel-root -->
    </div> <!-- wrapper -->
  </body>
<script type="text/javascript" src="testng-reports2.js"></script>
</html>
